<?xml version="1.0" encoding="UTF-8"?>
<!-- Generated by org.testng.reporters.JUnitReportReporter -->
<testsuite hostname="Lucifer" failures="0" tests="1" name="com.orangehrm.test.LoginPageTest" time="11.087" errors="0" timestamp="2025-08-26T15:01:54 IST" skipped="0">
  <testcase classname="com.orangehrm.test.LoginPageTest" name="inValidLoginTest" time="11.087"/>
</testsuite> <!-- com.orangehrm.test.LoginPageTest -->
