<?xml version="1.0" encoding="UTF-8"?>
<!-- Generated by org.testng.reporters.JUnitReportReporter -->
<testsuite hostname="Lucifer" failures="0" tests="1" name="com.orangehrm.test.DummyClassTest" time="12.326" errors="0" timestamp="2025-08-21T15:27:33 IST" skipped="0">
  <testcase classname="com.orangehrm.test.DummyClassTest" name="dummyTest" time="12.326"/>
</testsuite> <!-- com.orangehrm.test.DummyClassTest -->
