<?xml version="1.0" encoding="UTF-8"?>
<!-- Generated by org.testng.reporters.JUnitReportReporter -->
<testsuite hostname="Lucifer" failures="0" tests="4" name="com.orangehrm.test.LoginPageTest" time="57.194" errors="0" timestamp="2025-08-31T16:31:15 IST" skipped="0">
  <testcase classname="com.orangehrm.test.LoginPageTest" name="verifyValidLoginTest" time="17.166"/>
  <testcase classname="com.orangehrm.test.LoginPageTest" name="verifyValidLoginTest" time="14.279"/>
  <testcase classname="com.orangehrm.test.LoginPageTest" name="inValidLoginTest" time="13.749"/>
  <testcase classname="com.orangehrm.test.LoginPageTest" name="inValidLoginTest" time="12.000"/>
</testsuite> <!-- com.orangehrm.test.LoginPageTest -->
