<?xml version="1.0" encoding="UTF-8"?>
<!-- Generated by org.testng.reporters.JUnitReportReporter -->
<testsuite hostname="Lucifer" failures="0" tests="1" name="com.orangehrm.test.HomePageTest" time="9.128" errors="0" timestamp="2025-09-13T21:36:36 IST" skipped="0">
  <testcase classname="com.orangehrm.test.HomePageTest" name="verifyOrangeHRMLogo" time="9.128"/>
</testsuite> <!-- com.orangehrm.test.HomePageTest -->
