<?xml version="1.0" encoding="UTF-8"?>
<!-- Generated by org.testng.reporters.JUnitReportReporter -->
<testsuite hostname="Lucifer" failures="0" tests="1" name="com.orangehrm.test.DummyClassTest" time="7.419" errors="0" timestamp="2025-08-31T22:56:26 IST" skipped="0">
  <testcase classname="com.orangehrm.test.DummyClassTest" name="dummyTest" time="7.419"/>
</testsuite> <!-- com.orangehrm.test.DummyClassTest -->
