<?xml version="1.0" encoding="UTF-8"?>
<!-- Generated by org.testng.reporters.JUnitReportReporter -->
<testsuite hostname="Lucifer" failures="0" tests="2" name="com.orangehrm.test.LoginPageTest" time="49.362" errors="0" timestamp="2025-08-25T23:38:51 IST" skipped="0">
  <testcase classname="com.orangehrm.test.LoginPageTest" name="verifyValidLoginTest" time="28.359"/>
  <testcase classname="com.orangehrm.test.LoginPageTest" name="inValidLoginTest" time="21.003"/>
</testsuite> <!-- com.orangehrm.test.LoginPageTest -->
