<?xml version="1.0" encoding="UTF-8"?>
<!-- Generated by org.testng.reporters.JUnitReportReporter -->
<testsuite hostname="Lucifer" failures="0" tests="1" name="com.orangehrm.test.HomePageTest" time="12.185" errors="0" timestamp="2025-08-28T15:10:23 IST" skipped="0">
  <testcase classname="com.orangehrm.test.HomePageTest" name="verifyOrangeHRMLogo" time="12.185"/>
</testsuite> <!-- com.orangehrm.test.HomePageTest -->
