<?xml version="1.0" encoding="UTF-8"?>
<!-- Generated by org.testng.reporters.JUnitReportReporter -->
<testsuite hostname="Lucifer" failures="0" tests="2" name="com.orangehrm.test.DummyClassTest" time="24.424" errors="0" timestamp="2025-08-31T16:31:15 IST" skipped="0">
  <testcase classname="com.orangehrm.test.DummyClassTest" name="dummyTest" time="12.101"/>
  <testcase classname="com.orangehrm.test.DummyClassTest" name="dummyTest" time="12.323"/>
</testsuite> <!-- com.orangehrm.test.DummyClassTest -->
