<?xml version="1.0" encoding="UTF-8"?>
<!-- Generated by org.testng.reporters.JUnitReportReporter -->
<testsuite hostname="Lucifer" failures="0" tests="1" name="com.orangehrm.test.DummyClassTest2" time="6.895" errors="0" timestamp="2025-08-19T01:52:28 IST" skipped="0">
  <testcase classname="com.orangehrm.test.DummyClassTest2" name="dummyTest" time="6.895"/>
</testsuite> <!-- com.orangehrm.test.DummyClassTest2 -->
