<?xml version="1.0" encoding="UTF-8"?>
<!-- Generated by org.testng.reporters.JUnitReportReporter -->
<testsuite hostname="Lucifer" failures="0" tests="2" name="com.orangehrm.test.LoginPageTest" time="50.816" errors="0" timestamp="2025-09-12T19:28:32 IST" skipped="0">
  <testcase classname="com.orangehrm.test.LoginPageTest" name="verifyValidLoginTest" time="29.343"/>
  <testcase classname="com.orangehrm.test.LoginPageTest" name="inValidLoginTest" time="21.473"/>
</testsuite> <!-- com.orangehrm.test.LoginPageTest -->
