<?xml version="1.0" encoding="UTF-8"?>
<!-- Generated by org.testng.reporters.JUnitReportReporter -->
<testsuite hostname="Lucifer" failures="0" tests="2" name="com.orangehrm.test.LoginPageTest" time="37.360" errors="0" timestamp="2025-09-20T05:59:12 IST" skipped="0">
  <testcase classname="com.orangehrm.test.LoginPageTest" name="verifyValidLoginTest" time="15.723"/>
  <testcase classname="com.orangehrm.test.LoginPageTest" name="inValidLoginTest" time="21.637"/>
</testsuite> <!-- com.orangehrm.test.LoginPageTest -->
