<?xml version="1.0" encoding="UTF-8"?>
<!-- Generated by org.testng.reporters.JUnitReportReporter -->
<testsuite hostname="Lucifer" failures="0" tests="2" name="com.orangehrm.test.LoginPageTest" time="51.575" errors="0" timestamp="2025-08-28T14:38:19 IST" skipped="0">
  <testcase classname="com.orangehrm.test.LoginPageTest" name="verifyValidLoginTest" time="38.336"/>
  <testcase classname="com.orangehrm.test.LoginPageTest" name="inValidLoginTest" time="13.239"/>
</testsuite> <!-- com.orangehrm.test.LoginPageTest -->
