<?xml version="1.0" encoding="UTF-8"?>
<!-- Generated by org.testng.reporters.JUnitReportReporter -->
<testsuite hostname="Lucifer" failures="0" tests="1" name="com.orangehrm.test.HomePageTest" time="15.882" errors="0" timestamp="2025-08-25T23:38:51 IST" skipped="0">
  <testcase classname="com.orangehrm.test.HomePageTest" name="verifyOrangeHRMLogo" time="15.882"/>
</testsuite> <!-- com.orangehrm.test.HomePageTest -->
