<?xml version="1.0" encoding="UTF-8"?>
<!-- Generated by org.testng.reporters.JUnitReportReporter -->
<testsuite hostname="Lucifer" failures="0" tests="2" name="com.orangehrm.test.HomePageTest" time="19.027" errors="0" timestamp="2025-08-31T16:31:14 IST" skipped="0">
  <testcase classname="com.orangehrm.test.HomePageTest" name="verifyOrangeHRMLogo" time="8.920"/>
  <testcase classname="com.orangehrm.test.HomePageTest" name="verifyOrangeHRMLogo" time="10.107"/>
</testsuite> <!-- com.orangehrm.test.HomePageTest -->
