<?xml version="1.0" encoding="UTF-8"?>
<!-- Generated by org.testng.reporters.JUnitReportReporter -->
<testsuite hostname="Lucifer" failures="0" tests="2" name="com.orangehrm.test.LoginPageTest" time="35.993" errors="0" timestamp="2025-09-13T21:36:36 IST" skipped="0">
  <testcase classname="com.orangehrm.test.LoginPageTest" name="verifyValidLoginTest" time="14.263"/>
  <testcase classname="com.orangehrm.test.LoginPageTest" name="inValidLoginTest" time="21.730"/>
</testsuite> <!-- com.orangehrm.test.LoginPageTest -->
