<?xml version="1.0" encoding="UTF-8"?>
<!-- Generated by org.testng.reporters.JUnitReportReporter -->
<testsuite hostname="Lucifer" failures="0" tests="1" name="com.orangehrm.test.HomePageTest" time="19.042" errors="0" timestamp="2025-09-12T17:50:42 IST" skipped="0">
  <testcase classname="com.orangehrm.test.HomePageTest" name="verifyOrangeHRMLogo" time="19.042"/>
</testsuite> <!-- com.orangehrm.test.HomePageTest -->
