<?xml version="1.0" encoding="UTF-8"?>
<!-- Generated by org.testng.reporters.JUnitReportReporter -->
<testsuite hostname="Lucifer" failures="0" tests="1" name="com.orangehrm.test.DBVerificationTest" time="9.078" errors="0" timestamp="2025-09-16T02:05:41 IST" skipped="0">
  <testcase classname="com.orangehrm.test.DBVerificationTest" name="verifyEmployeeNameVerificationFromDB" time="9.078"/>
</testsuite> <!-- com.orangehrm.test.DBVerificationTest -->
